Determining if the pthread_create exist failed with the following output:
Change Dir: /home/israa/catkin_ws/build/CMakeFiles/CMakeTmp

Run Build Command:"/usr/bin/make" "cmTC_533dd/fast"
/usr/bin/make -f CMakeFiles/cmTC_533dd.dir/build.make CMakeFiles/cmTC_533dd.dir/build
make[1]: Entering directory '/home/israa/catkin_ws/build/CMakeFiles/CMakeTmp'
Building C object CMakeFiles/cmTC_533dd.dir/CheckSymbolExists.c.o
/usr/bin/cc    -o CMakeFiles/cmTC_533dd.dir/CheckSymbolExists.c.o   -c /home/israa/catkin_ws/build/CMakeFiles/CMakeTmp/CheckSymbolExists.c
Linking C executable cmTC_533dd
/usr/bin/cmake -E cmake_link_script CMakeFiles/cmTC_533dd.dir/link.txt --verbose=1
/usr/bin/cc      -rdynamic CMakeFiles/cmTC_533dd.dir/CheckSymbolExists.c.o  -o cmTC_533dd 
CMakeFiles/cmTC_533dd.dir/CheckSymbolExists.c.o: In function `main':
CheckSymbolExists.c:(.text+0x1b): undefined reference to `pthread_create'
collect2: error: ld returned 1 exit status
CMakeFiles/cmTC_533dd.dir/build.make:97: recipe for target 'cmTC_533dd' failed
make[1]: *** [cmTC_533dd] Error 1
make[1]: Leaving directory '/home/israa/catkin_ws/build/CMakeFiles/CMakeTmp'
Makefile:126: recipe for target 'cmTC_533dd/fast' failed
make: *** [cmTC_533dd/fast] Error 2

File /home/israa/catkin_ws/build/CMakeFiles/CMakeTmp/CheckSymbolExists.c:
/* */
#include <pthread.h>

int main(int argc, char** argv)
{
  (void)argv;
#ifndef pthread_create
  return ((int*)(&pthread_create))[argc];
#else
  (void)argc;
  return 0;
#endif
}

Determining if the function pthread_create exists in the pthreads failed with the following output:
Change Dir: /home/israa/catkin_ws/build/CMakeFiles/CMakeTmp

Run Build Command:"/usr/bin/make" "cmTC_7c560/fast"
/usr/bin/make -f CMakeFiles/cmTC_7c560.dir/build.make CMakeFiles/cmTC_7c560.dir/build
make[1]: Entering directory '/home/israa/catkin_ws/build/CMakeFiles/CMakeTmp'
Building C object CMakeFiles/cmTC_7c560.dir/CheckFunctionExists.c.o
/usr/bin/cc   -DCHECK_FUNCTION_EXISTS=pthread_create   -o CMakeFiles/cmTC_7c560.dir/CheckFunctionExists.c.o   -c /usr/share/cmake-3.10/Modules/CheckFunctionExists.c
Linking C executable cmTC_7c560
/usr/bin/cmake -E cmake_link_script CMakeFiles/cmTC_7c560.dir/link.txt --verbose=1
/usr/bin/cc  -DCHECK_FUNCTION_EXISTS=pthread_create    -rdynamic CMakeFiles/cmTC_7c560.dir/CheckFunctionExists.c.o  -o cmTC_7c560 -lpthreads 
/usr/bin/ld: cannot find -lpthreads
collect2: error: ld returned 1 exit status
CMakeFiles/cmTC_7c560.dir/build.make:97: recipe for target 'cmTC_7c560' failed
make[1]: *** [cmTC_7c560] Error 1
make[1]: Leaving directory '/home/israa/catkin_ws/build/CMakeFiles/CMakeTmp'
Makefile:126: recipe for target 'cmTC_7c560/fast' failed
make: *** [cmTC_7c560/fast] Error 2


